Wed Oct  9 20:23:09 2024 - GET - key: a, result: not found
Wed Oct  9 20:23:09 2024 - SET - key: e, result: timeout
Wed Oct  9 20:23:09 2024 - SET - key: c, result: timeout
Wed Oct  9 20:23:09 2024 - GET - key: c, result: success
Wed Oct  9 20:23:09 2024 - SET - key: b, result: timeout
Wed Oct  9 20:23:09 2024 - SET - key: a, result: timeout
Wed Oct  9 20:23:09 2024 - SET - key: b, result: timeout
Wed Oct  9 20:23:09 2024 - SET - key: a, result: timeout
Wed Oct  9 20:23:09 2024 - SET - key: d, result: timeout
Wed Oct  9 20:23:09 2024 - GET - key: c, result: success
Wed Oct  9 20:23:09 2024 - SET - key: d, result: timeout
Wed Oct  9 20:23:09 2024 - SET - key: e, result: timeout
Wed Oct  9 20:23:09 2024 - GET - key: a, result: success
Wed Oct  9 20:23:09 2024 - SET - key: c, result: timeout
Wed Oct  9 20:23:09 2024 - SET - key: a, result: timeout
Wed Oct  9 20:23:09 2024 - GET - key: b, result: success
Wed Oct  9 20:23:09 2024 - GET - key: b, result: success
Wed Oct  9 20:23:09 2024 - GET - key: e, result: success
Wed Oct  9 20:23:09 2024 - GET - key: d, result: success
Wed Oct  9 20:23:09 2024 - GET - key: d, result: success
Wed Oct  9 20:23:09 2024 - SET - key: b, result: timeout
Wed Oct  9 20:23:09 2024 - SET - key: a, result: timeout
Wed Oct  9 20:23:09 2024 - GET - key: d, result: success
Wed Oct  9 20:23:09 2024 - GET - key: d, result: success
Wed Oct  9 20:23:09 2024 - SET - key: d, result: timeout
Wed Oct  9 20:23:09 2024 - SET - key: b, result: timeout
Wed Oct  9 20:23:09 2024 - SET - key: a, result: timeout
Wed Oct  9 20:23:09 2024 - GET - key: e, result: success
Wed Oct  9 20:23:09 2024 - GET - key: d, result: success
Wed Oct  9 20:23:09 2024 - SET - key: a, result: timeout
Wed Oct  9 20:23:09 2024 - GET - key: e, result: success
Wed Oct  9 20:23:09 2024 - GET - key: b, result: success
Wed Oct  9 20:23:09 2024 - GET - key: c, result: success
Wed Oct  9 20:23:09 2024 - SET - key: e, result: timeout
Wed Oct  9 20:23:09 2024 - GET - key: a, result: success
Wed Oct  9 20:23:09 2024 - SET - key: c, result: timeout
Wed Oct  9 20:23:09 2024 - GET - key: d, result: success
Wed Oct  9 20:23:09 2024 - SET - key: a, result: timeout
Wed Oct  9 20:23:09 2024 - SET - key: e, result: timeout
Wed Oct  9 20:23:09 2024 - SET - key: a, result: timeout
Wed Oct  9 20:23:09 2024 - GET - key: d, result: success
Wed Oct  9 20:23:09 2024 - GET - key: c, result: success
Wed Oct  9 20:23:09 2024 - GET - key: c, result: success
Wed Oct  9 20:23:09 2024 - SET - key: c, result: timeout
Wed Oct  9 20:23:09 2024 - GET - key: a, result: success
Wed Oct  9 20:23:09 2024 - SET - key: b, result: timeout
Wed Oct  9 20:23:09 2024 - SET - key: a, result: timeout
Wed Oct  9 20:23:09 2024 - SET - key: c, result: timeout
Wed Oct  9 20:23:09 2024 - SET - key: c, result: timeout
Wed Oct  9 20:23:09 2024 - GET - key: a, result: success
Wed Oct  9 20:23:09 2024 - GET - key: d, result: success
Wed Oct  9 20:23:09 2024 - GET - key: a, result: success
Wed Oct  9 20:23:09 2024 - SET - key: b, result: timeout
Wed Oct  9 20:23:09 2024 - SET - key: c, result: timeout
Wed Oct  9 20:23:09 2024 - GET - key: d, result: success
Wed Oct  9 20:23:09 2024 - GET - key: b, result: success
Wed Oct  9 20:23:09 2024 - SET - key: b, result: timeout
Wed Oct  9 20:23:09 2024 - GET - key: e, result: success
Wed Oct  9 20:23:09 2024 - GET - key: b, result: success
Wed Oct  9 20:23:09 2024 - GET - key: a, result: success
Wed Oct  9 20:23:09 2024 - SET - key: a, result: timeout
Wed Oct  9 20:23:09 2024 - SET - key: e, result: timeout
Wed Oct  9 20:23:09 2024 - GET - key: c, result: success
Wed Oct  9 20:23:09 2024 - GET - key: c, result: success
Wed Oct  9 20:23:09 2024 - GET - key: c, result: success
Wed Oct  9 20:23:09 2024 - SET - key: e, result: timeout
Wed Oct  9 20:23:09 2024 - GET - key: b, result: success
Wed Oct  9 20:23:09 2024 - SET - key: d, result: timeout
Wed Oct  9 20:23:09 2024 - GET - key: e, result: success
Wed Oct  9 20:23:09 2024 - GET - key: b, result: success
Wed Oct  9 20:23:09 2024 - SET - key: a, result: timeout
Wed Oct  9 20:23:09 2024 - SET - key: b, result: timeout
Wed Oct  9 20:23:09 2024 - GET - key: a, result: success
Wed Oct  9 20:23:09 2024 - GET - key: a, result: success
Wed Oct  9 20:23:09 2024 - SET - key: c, result: timeout
Wed Oct  9 20:23:09 2024 - GET - key: c, result: success
Wed Oct  9 20:23:09 2024 - SET - key: a, result: timeout
Wed Oct  9 20:23:09 2024 - SET - key: b, result: timeout
Wed Oct  9 20:23:09 2024 - SET - key: b, result: timeout
Wed Oct  9 20:23:09 2024 - SET - key: d, result: timeout
Wed Oct  9 20:23:09 2024 - SET - key: d, result: timeout
Wed Oct  9 20:23:09 2024 - GET - key: e, result: success
Wed Oct  9 20:23:09 2024 - SET - key: c, result: timeout
Wed Oct  9 20:23:09 2024 - GET - key: c, result: success
Wed Oct  9 20:23:09 2024 - GET - key: e, result: success
Wed Oct  9 20:23:09 2024 - SET - key: c, result: timeout
Wed Oct  9 20:23:09 2024 - SET - key: e, result: timeout
Wed Oct  9 20:23:09 2024 - SET - key: d, result: timeout
Wed Oct  9 20:23:09 2024 - GET - key: c, result: success
Wed Oct  9 20:23:09 2024 - SET - key: b, result: timeout
Wed Oct  9 20:23:09 2024 - GET - key: c, result: success
Wed Oct  9 20:23:09 2024 - SET - key: d, result: timeout
Wed Oct  9 20:23:09 2024 - GET - key: e, result: success
Wed Oct  9 20:23:09 2024 - SET - key: b, result: timeout
Wed Oct  9 20:23:09 2024 - GET - key: b, result: success
Wed Oct  9 20:23:09 2024 - GET - key: c, result: success
Wed Oct  9 20:23:09 2024 - SET - key: c, result: timeout
Wed Oct  9 20:23:09 2024 - SET - key: d, result: timeout
Wed Oct  9 20:23:09 2024 - GET - key: c, result: success
Wed Oct  9 20:23:09 2024 - SET - key: a, result: timeout
Wed Oct  9 20:23:09 2024 - GET - key: d, result: success
Wed Oct  9 20:23:09 2024 - GET - key: b, result: success
Wed Oct  9 20:23:09 2024 - GET - key: c, result: success
Wed Oct  9 20:23:09 2024 - GET - key: d, result: success
Wed Oct  9 20:23:09 2024 - SET - key: d, result: timeout
Wed Oct  9 20:23:09 2024 - SET - key: e, result: timeout
Wed Oct  9 20:23:09 2024 - GET - key: c, result: success
Wed Oct  9 20:23:09 2024 - GET - key: c, result: success
Wed Oct  9 20:23:09 2024 - GET - key: e, result: success
Wed Oct  9 20:23:09 2024 - GET - key: c, result: success
Wed Oct  9 20:23:09 2024 - SET - key: d, result: timeout
Wed Oct  9 20:23:09 2024 - SET - key: a, result: timeout
Wed Oct  9 20:23:09 2024 - GET - key: c, result: success
Wed Oct  9 20:23:09 2024 - SET - key: a, result: timeout
Wed Oct  9 20:23:09 2024 - SET - key: a, result: timeout
Wed Oct  9 20:23:09 2024 - GET - key: c, result: success
Wed Oct  9 20:23:09 2024 - GET - key: b, result: success
Wed Oct  9 20:23:09 2024 - GET - key: a, result: success
Wed Oct  9 20:23:09 2024 - GET - key: e, result: success
Wed Oct  9 20:23:09 2024 - GET - key: e, result: success
Wed Oct  9 20:23:09 2024 - GET - key: e, result: success
Wed Oct  9 20:23:09 2024 - SET - key: d, result: timeout
Wed Oct  9 20:23:09 2024 - SET - key: e, result: timeout
Wed Oct  9 20:23:09 2024 - GET - key: b, result: success
Wed Oct  9 20:23:09 2024 - GET - key: a, result: success
Wed Oct  9 20:23:09 2024 - GET - key: a, result: success
Wed Oct  9 20:23:09 2024 - GET - key: e, result: success
Wed Oct  9 20:23:09 2024 - SET - key: e, result: timeout
Wed Oct  9 20:23:09 2024 - SET - key: d, result: timeout
Wed Oct  9 20:23:09 2024 - SET - key: d, result: timeout
Wed Oct  9 20:23:09 2024 - SET - key: c, result: timeout
Wed Oct  9 20:23:09 2024 - GET - key: e, result: success
Wed Oct  9 20:23:09 2024 - GET - key: a, result: success
Wed Oct  9 20:23:09 2024 - GET - key: b, result: success
Wed Oct  9 20:23:09 2024 - GET - key: a, result: success
Wed Oct  9 20:23:09 2024 - GET - key: c, result: success
Wed Oct  9 20:23:09 2024 - SET - key: c, result: timeout
Wed Oct  9 20:23:09 2024 - GET - key: a, result: success
Wed Oct  9 20:23:09 2024 - GET - key: c, result: success
Wed Oct  9 20:23:09 2024 - GET - key: e, result: success
Wed Oct  9 20:23:09 2024 - GET - key: c, result: success
Wed Oct  9 20:23:09 2024 - GET - key: e, result: success
Wed Oct  9 20:23:09 2024 - SET - key: e, result: timeout
Wed Oct  9 20:23:09 2024 - GET - key: a, result: success
Wed Oct  9 20:23:09 2024 - SET - key: c, result: timeout
Wed Oct  9 20:23:09 2024 - GET - key: d, result: success
Wed Oct  9 20:23:09 2024 - SET - key: b, result: timeout
Wed Oct  9 20:23:09 2024 - GET - key: b, result: success
Wed Oct  9 20:23:09 2024 - GET - key: b, result: success
Wed Oct  9 20:23:09 2024 - GET - key: c, result: success
Wed Oct  9 20:23:09 2024 - SET - key: a, result: timeout
Wed Oct  9 20:23:09 2024 - GET - key: c, result: success
Wed Oct  9 20:23:10 2024 - SET - key: e, result: timeout
Wed Oct  9 20:23:10 2024 - GET - key: d, result: success
Wed Oct  9 20:23:10 2024 - SET - key: c, result: timeout
Wed Oct  9 20:23:10 2024 - GET - key: c, result: success
Wed Oct  9 20:23:10 2024 - GET - key: a, result: success
Wed Oct  9 20:23:10 2024 - SET - key: b, result: timeout
Wed Oct  9 20:23:10 2024 - GET - key: e, result: success
Wed Oct  9 20:23:10 2024 - GET - key: e, result: success
Wed Oct  9 20:23:10 2024 - SET - key: c, result: timeout
Wed Oct  9 20:23:10 2024 - GET - key: c, result: success
Wed Oct  9 20:23:10 2024 - GET - key: a, result: success
Wed Oct  9 20:23:10 2024 - GET - key: b, result: success
Wed Oct  9 20:23:10 2024 - GET - key: d, result: success
Wed Oct  9 20:23:10 2024 - GET - key: c, result: success
Wed Oct  9 20:23:10 2024 - GET - key: c, result: success
Wed Oct  9 20:23:10 2024 - SET - key: d, result: timeout
Wed Oct  9 20:23:10 2024 - GET - key: d, result: success
Wed Oct  9 20:23:10 2024 - SET - key: b, result: timeout
Wed Oct  9 20:23:10 2024 - GET - key: b, result: success
Wed Oct  9 20:23:10 2024 - GET - key: d, result: success
Wed Oct  9 20:23:10 2024 - GET - key: d, result: success
Wed Oct  9 20:23:10 2024 - GET - key: d, result: success
Wed Oct  9 20:23:10 2024 - GET - key: b, result: success
Wed Oct  9 20:23:10 2024 - GET - key: a, result: success
Wed Oct  9 20:23:10 2024 - SET - key: d, result: timeout
Wed Oct  9 20:23:10 2024 - SET - key: b, result: timeout
Wed Oct  9 20:23:10 2024 - SET - key: e, result: timeout
Wed Oct  9 20:23:10 2024 - SET - key: b, result: timeout
Wed Oct  9 20:23:10 2024 - SET - key: e, result: timeout
Wed Oct  9 20:23:10 2024 - GET - key: d, result: success
Wed Oct  9 20:23:10 2024 - SET - key: e, result: timeout
Wed Oct  9 20:23:10 2024 - GET - key: b, result: success
Wed Oct  9 20:23:10 2024 - GET - key: a, result: success
Wed Oct  9 20:23:10 2024 - SET - key: b, result: timeout
Wed Oct  9 20:23:10 2024 - GET - key: a, result: success
Wed Oct  9 20:23:10 2024 - GET - key: e, result: success
Wed Oct  9 20:23:10 2024 - GET - key: b, result: success
Wed Oct  9 20:24:23 2024 - GET - key: b, result: not found
Wed Oct  9 20:24:23 2024 - GET - key: d, result: not found
Wed Oct  9 20:24:23 2024 - GET - key: a, result: not found
Wed Oct  9 20:24:23 2024 - GET - key: d, result: not found
Wed Oct  9 20:24:23 2024 - GET - key: b, result: not found
Wed Oct  9 20:24:23 2024 - GET - key: d, result: not found
Wed Oct  9 20:24:23 2024 - SET - key: d, result: timeout
Wed Oct  9 20:24:23 2024 - SET - key: e, result: timeout
Wed Oct  9 20:24:23 2024 - SET - key: b, result: timeout
Wed Oct  9 20:24:23 2024 - GET - key: c, result: not found
Wed Oct  9 20:24:23 2024 - GET - key: c, result: not found
Wed Oct  9 20:24:23 2024 - SET - key: a, result: timeout
Wed Oct  9 20:24:23 2024 - GET - key: b, result: success
Wed Oct  9 20:24:23 2024 - GET - key: b, result: success
Wed Oct  9 20:24:23 2024 - GET - key: e, result: success
Wed Oct  9 20:24:23 2024 - GET - key: c, result: not found
Wed Oct  9 20:24:23 2024 - GET - key: b, result: success
Wed Oct  9 20:24:23 2024 - GET - key: e, result: success
Wed Oct  9 20:24:23 2024 - SET - key: e, result: timeout
Wed Oct  9 20:24:23 2024 - SET - key: e, result: timeout
Wed Oct  9 20:24:23 2024 - GET - key: d, result: success
Wed Oct  9 20:24:23 2024 - GET - key: c, result: not found
Wed Oct  9 20:24:23 2024 - GET - key: a, result: success
Wed Oct  9 20:24:23 2024 - GET - key: c, result: not found
Wed Oct  9 20:24:23 2024 - SET - key: c, result: timeout
Wed Oct  9 20:24:23 2024 - GET - key: c, result: success
Wed Oct  9 20:24:23 2024 - SET - key: d, result: timeout
Wed Oct  9 20:24:23 2024 - SET - key: b, result: timeout
Wed Oct  9 20:24:23 2024 - GET - key: b, result: success
Wed Oct  9 20:24:23 2024 - GET - key: a, result: success
Wed Oct  9 20:24:23 2024 - GET - key: e, result: success
Wed Oct  9 20:24:24 2024 - SET - key: d, result: timeout
Wed Oct  9 20:24:24 2024 - GET - key: e, result: success
Wed Oct  9 20:24:24 2024 - GET - key: e, result: success
Wed Oct  9 20:24:24 2024 - GET - key: e, result: success
Wed Oct  9 20:24:24 2024 - GET - key: e, result: success
Wed Oct  9 20:24:24 2024 - SET - key: a, result: timeout
Wed Oct  9 20:24:24 2024 - GET - key: a, result: success
Wed Oct  9 20:24:24 2024 - SET - key: d, result: timeout
Wed Oct  9 20:24:24 2024 - GET - key: b, result: success
Wed Oct  9 20:24:24 2024 - SET - key: b, result: timeout
Wed Oct  9 20:24:24 2024 - GET - key: a, result: success
Wed Oct  9 20:24:24 2024 - GET - key: a, result: success
Wed Oct  9 20:24:24 2024 - GET - key: a, result: success
Wed Oct  9 20:24:24 2024 - GET - key: a, result: success
Wed Oct  9 20:24:24 2024 - GET - key: d, result: success
Wed Oct  9 20:24:24 2024 - SET - key: a, result: timeout
Wed Oct  9 20:24:24 2024 - GET - key: b, result: success
Wed Oct  9 20:24:24 2024 - SET - key: e, result: timeout
Wed Oct  9 20:24:24 2024 - GET - key: e, result: success
Wed Oct  9 20:24:24 2024 - SET - key: a, result: timeout
Wed Oct  9 20:24:24 2024 - GET - key: b, result: success
Wed Oct  9 20:24:24 2024 - GET - key: d, result: success
Wed Oct  9 20:24:24 2024 - GET - key: b, result: success
Wed Oct  9 20:24:24 2024 - GET - key: a, result: success
Wed Oct  9 20:24:24 2024 - GET - key: e, result: success
Wed Oct  9 20:24:24 2024 - GET - key: a, result: success
Wed Oct  9 20:24:24 2024 - GET - key: b, result: success
Wed Oct  9 20:24:24 2024 - SET - key: b, result: timeout
Wed Oct  9 20:24:24 2024 - GET - key: b, result: success
Wed Oct  9 20:24:24 2024 - GET - key: e, result: success
Wed Oct  9 20:24:24 2024 - GET - key: c, result: success
Wed Oct  9 20:24:24 2024 - GET - key: d, result: success
Wed Oct  9 20:24:24 2024 - GET - key: e, result: success
Wed Oct  9 20:24:24 2024 - GET - key: d, result: success
Wed Oct  9 20:24:24 2024 - GET - key: d, result: success
Wed Oct  9 20:24:24 2024 - GET - key: a, result: success
Wed Oct  9 20:24:24 2024 - GET - key: a, result: success
Wed Oct  9 20:24:24 2024 - GET - key: e, result: success
Wed Oct  9 20:24:24 2024 - GET - key: c, result: success
Wed Oct  9 20:24:24 2024 - GET - key: b, result: success
Wed Oct  9 20:24:24 2024 - SET - key: a, result: timeout
Wed Oct  9 20:24:24 2024 - GET - key: d, result: success
Wed Oct  9 20:24:24 2024 - SET - key: a, result: timeout
Wed Oct  9 20:24:24 2024 - GET - key: c, result: success
Wed Oct  9 20:24:24 2024 - GET - key: e, result: success
Wed Oct  9 20:24:24 2024 - GET - key: e, result: success
Wed Oct  9 20:24:24 2024 - SET - key: a, result: timeout
Wed Oct  9 20:24:24 2024 - SET - key: a, result: timeout
Wed Oct  9 20:24:24 2024 - GET - key: a, result: success
Wed Oct  9 20:24:24 2024 - GET - key: e, result: success
Wed Oct  9 20:24:24 2024 - GET - key: c, result: success
Wed Oct  9 20:24:24 2024 - GET - key: d, result: success
Wed Oct  9 20:24:24 2024 - GET - key: b, result: success
Wed Oct  9 20:24:24 2024 - GET - key: d, result: success
Wed Oct  9 20:24:24 2024 - GET - key: b, result: success
Wed Oct  9 20:24:24 2024 - GET - key: d, result: success
Wed Oct  9 20:24:24 2024 - GET - key: c, result: success
Wed Oct  9 20:24:24 2024 - SET - key: b, result: timeout
Wed Oct  9 20:24:24 2024 - SET - key: c, result: timeout
Wed Oct  9 20:24:24 2024 - SET - key: d, result: timeout
Wed Oct  9 20:24:24 2024 - GET - key: c, result: success
Wed Oct  9 20:24:24 2024 - GET - key: c, result: success
Wed Oct  9 20:24:24 2024 - GET - key: c, result: success
Wed Oct  9 20:24:24 2024 - GET - key: d, result: success
Wed Oct  9 20:24:24 2024 - GET - key: b, result: success
Wed Oct  9 20:24:24 2024 - GET - key: d, result: success
Wed Oct  9 20:24:24 2024 - GET - key: e, result: success
Wed Oct  9 20:24:24 2024 - GET - key: a, result: success
Wed Oct  9 20:24:24 2024 - SET - key: e, result: timeout
Wed Oct  9 20:24:24 2024 - GET - key: a, result: success
Wed Oct  9 20:24:24 2024 - GET - key: b, result: success
Wed Oct  9 20:24:24 2024 - SET - key: b, result: timeout
Wed Oct  9 20:24:24 2024 - SET - key: c, result: timeout
Wed Oct  9 20:24:24 2024 - SET - key: c, result: timeout
Wed Oct  9 20:24:24 2024 - SET - key: e, result: timeout
Wed Oct  9 20:24:24 2024 - GET - key: b, result: success
Wed Oct  9 20:24:24 2024 - SET - key: a, result: timeout
Wed Oct  9 20:24:24 2024 - GET - key: c, result: success
Wed Oct  9 20:24:24 2024 - SET - key: d, result: timeout
Wed Oct  9 20:24:24 2024 - GET - key: d, result: success
Wed Oct  9 20:24:24 2024 - SET - key: e, result: timeout
Wed Oct  9 20:24:24 2024 - GET - key: b, result: success
Wed Oct  9 20:24:24 2024 - SET - key: a, result: timeout
Wed Oct  9 20:24:24 2024 - SET - key: c, result: timeout
Wed Oct  9 20:24:24 2024 - SET - key: c, result: timeout
Wed Oct  9 20:24:24 2024 - GET - key: a, result: success
Wed Oct  9 20:24:24 2024 - SET - key: a, result: timeout
Wed Oct  9 20:24:24 2024 - SET - key: d, result: timeout
Wed Oct  9 20:24:24 2024 - GET - key: a, result: success
Wed Oct  9 20:24:24 2024 - GET - key: b, result: success
Wed Oct  9 20:24:24 2024 - GET - key: d, result: success
Wed Oct  9 20:24:24 2024 - GET - key: c, result: success
Wed Oct  9 20:24:24 2024 - GET - key: c, result: success
Wed Oct  9 20:24:24 2024 - GET - key: a, result: success
Wed Oct  9 20:24:24 2024 - GET - key: b, result: success
Wed Oct  9 20:24:24 2024 - SET - key: d, result: timeout
Wed Oct  9 20:24:24 2024 - GET - key: a, result: success
Wed Oct  9 20:24:24 2024 - GET - key: d, result: success
Wed Oct  9 20:24:24 2024 - GET - key: a, result: success
Wed Oct  9 20:24:24 2024 - SET - key: a, result: timeout
Wed Oct  9 20:24:24 2024 - SET - key: e, result: timeout
Wed Oct  9 20:24:24 2024 - SET - key: d, result: timeout
Wed Oct  9 20:24:24 2024 - GET - key: a, result: success
Wed Oct  9 20:24:24 2024 - GET - key: c, result: success
Wed Oct  9 20:24:24 2024 - SET - key: c, result: timeout
Wed Oct  9 20:24:24 2024 - GET - key: c, result: success
Wed Oct  9 20:24:24 2024 - SET - key: c, result: timeout
Wed Oct  9 20:24:24 2024 - GET - key: d, result: success
Wed Oct  9 20:24:24 2024 - GET - key: b, result: success
Wed Oct  9 20:24:24 2024 - GET - key: a, result: success
Wed Oct  9 20:24:24 2024 - SET - key: b, result: timeout
Wed Oct  9 20:24:24 2024 - GET - key: d, result: success
Wed Oct  9 20:24:24 2024 - GET - key: c, result: success
Wed Oct  9 20:24:24 2024 - GET - key: c, result: success
Wed Oct  9 20:24:24 2024 - GET - key: c, result: success
Wed Oct  9 20:24:24 2024 - GET - key: c, result: success
Wed Oct  9 20:24:24 2024 - GET - key: a, result: success
Wed Oct  9 20:24:24 2024 - GET - key: e, result: success
Wed Oct  9 20:24:24 2024 - SET - key: a, result: timeout
Wed Oct  9 20:24:24 2024 - GET - key: e, result: success
Wed Oct  9 20:24:24 2024 - GET - key: b, result: success
Wed Oct  9 20:24:24 2024 - GET - key: c, result: success
Wed Oct  9 20:24:24 2024 - GET - key: a, result: success
Wed Oct  9 20:24:24 2024 - GET - key: d, result: success
Wed Oct  9 20:24:24 2024 - SET - key: e, result: timeout
Wed Oct  9 20:24:24 2024 - SET - key: e, result: timeout
Wed Oct  9 20:24:24 2024 - SET - key: a, result: timeout
Wed Oct  9 20:24:24 2024 - SET - key: c, result: timeout
Wed Oct  9 20:24:24 2024 - SET - key: d, result: timeout
Wed Oct  9 20:24:24 2024 - GET - key: e, result: success
Wed Oct  9 20:24:24 2024 - GET - key: c, result: success
Wed Oct  9 20:24:24 2024 - SET - key: e, result: timeout
Wed Oct  9 20:24:24 2024 - GET - key: c, result: success
Wed Oct  9 20:24:24 2024 - GET - key: e, result: success
Wed Oct  9 20:24:24 2024 - SET - key: d, result: timeout
Wed Oct  9 20:24:24 2024 - SET - key: d, result: timeout
Wed Oct  9 20:24:24 2024 - GET - key: d, result: success
Wed Oct  9 20:24:24 2024 - GET - key: e, result: success
Wed Oct  9 20:24:24 2024 - SET - key: d, result: timeout
Wed Oct  9 20:24:24 2024 - GET - key: b, result: success
Wed Oct  9 20:24:24 2024 - GET - key: a, result: success
Wed Oct  9 20:24:24 2024 - GET - key: b, result: success
Wed Oct  9 20:24:24 2024 - SET - key: d, result: timeout
Wed Oct  9 20:24:24 2024 - GET - key: d, result: success
Wed Oct  9 20:24:24 2024 - GET - key: e, result: success
Wed Oct  9 20:24:24 2024 - SET - key: d, result: timeout
Wed Oct  9 20:24:24 2024 - GET - key: d, result: success
Wed Oct  9 20:24:24 2024 - GET - key: e, result: success
Wed Oct  9 20:24:24 2024 - SET - key: c, result: timeout
Wed Oct  9 20:24:24 2024 - GET - key: b, result: success
Wed Oct  9 20:24:24 2024 - GET - key: c, result: success
Wed Oct  9 20:24:24 2024 - GET - key: b, result: success
Wed Oct  9 20:24:24 2024 - GET - key: a, result: success
Wed Oct  9 20:24:24 2024 - SET - key: a, result: timeout
Wed Oct  9 20:24:24 2024 - GET - key: e, result: success
Wed Oct  9 20:24:24 2024 - SET - key: a, result: timeout
Wed Oct  9 20:24:24 2024 - GET - key: e, result: success
Wed Oct  9 20:24:24 2024 - GET - key: b, result: success
Wed Oct  9 20:24:24 2024 - GET - key: d, result: success
Wed Oct  9 20:24:24 2024 - SET - key: e, result: timeout
Wed Oct  9 20:24:24 2024 - GET - key: e, result: success
Wed Oct  9 20:24:24 2024 - GET - key: a, result: success
Wed Oct  9 20:24:24 2024 - GET - key: a, result: success
Wed Oct  9 20:24:24 2024 - SET - key: a, result: timeout
Wed Oct  9 20:24:24 2024 - SET - key: a, result: timeout
Wed Oct  9 20:24:24 2024 - SET - key: b, result: timeout
Wed Oct  9 20:24:24 2024 - GET - key: a, result: success
Wed Oct  9 20:24:24 2024 - GET - key: a, result: success
Wed Oct  9 20:24:24 2024 - GET - key: c, result: success
Wed Oct  9 20:24:24 2024 - GET - key: d, result: success
Wed Oct  9 20:24:24 2024 - SET - key: d, result: timeout
Wed Oct  9 20:24:24 2024 - SET - key: d, result: timeout
Wed Oct  9 20:24:24 2024 - GET - key: e, result: success
Wed Oct  9 20:24:24 2024 - GET - key: b, result: success
Wed Oct  9 20:24:24 2024 - SET - key: c, result: timeout
Wed Oct  9 20:24:24 2024 - SET - key: d, result: timeout
Wed Oct  9 20:24:24 2024 - GET - key: e, result: success
Wed Oct  9 20:24:24 2024 - GET - key: c, result: success
Wed Oct  9 20:24:24 2024 - GET - key: c, result: success
Wed Oct  9 20:24:24 2024 - SET - key: e, result: timeout
Wed Oct  9 20:24:24 2024 - GET - key: c, result: success
Wed Oct  9 20:24:24 2024 - GET - key: b, result: success
Wed Oct  9 20:24:24 2024 - GET - key: d, result: success
Wed Oct  9 20:24:24 2024 - GET - key: a, result: success
Wed Oct  9 20:24:24 2024 - GET - key: c, result: success
Wed Oct  9 20:24:24 2024 - GET - key: a, result: success
Wed Oct  9 20:24:24 2024 - SET - key: c, result: timeout
Wed Oct  9 20:24:24 2024 - GET - key: b, result: success
Wed Oct  9 20:24:24 2024 - GET - key: d, result: success
Wed Oct  9 20:24:24 2024 - SET - key: a, result: timeout
Wed Oct  9 20:24:24 2024 - GET - key: d, result: success
Wed Oct  9 20:24:24 2024 - GET - key: d, result: success
Wed Oct  9 20:24:24 2024 - SET - key: e, result: timeout
Wed Oct  9 20:24:24 2024 - GET - key: a, result: success
Wed Oct  9 20:24:24 2024 - GET - key: d, result: success
Wed Oct  9 20:24:24 2024 - GET - key: a, result: success
Wed Oct  9 20:24:24 2024 - GET - key: b, result: success
Wed Oct  9 20:24:24 2024 - SET - key: e, result: timeout
Wed Oct  9 20:24:24 2024 - GET - key: e, result: success
Wed Oct  9 20:24:24 2024 - SET - key: c, result: timeout
Wed Oct  9 20:24:24 2024 - GET - key: a, result: success
Wed Oct  9 20:24:24 2024 - SET - key: c, result: timeout
Wed Oct  9 20:24:24 2024 - GET - key: a, result: success
Wed Oct  9 20:24:24 2024 - GET - key: b, result: success
Wed Oct  9 20:24:24 2024 - SET - key: c, result: timeout
Wed Oct  9 20:24:24 2024 - GET - key: e, result: success
Wed Oct  9 20:24:24 2024 - GET - key: a, result: success
Wed Oct  9 20:24:24 2024 - GET - key: c, result: success
Wed Oct  9 20:24:24 2024 - GET - key: d, result: success
Wed Oct  9 20:24:24 2024 - GET - key: c, result: success
Wed Oct  9 20:24:24 2024 - GET - key: a, result: success
Wed Oct  9 20:24:24 2024 - SET - key: d, result: timeout
Wed Oct  9 20:24:24 2024 - SET - key: b, result: timeout
Wed Oct  9 20:24:24 2024 - GET - key: c, result: success
Wed Oct  9 20:24:24 2024 - GET - key: d, result: success
Wed Oct  9 20:24:24 2024 - GET - key: b, result: success
Wed Oct  9 20:24:24 2024 - GET - key: c, result: success
Wed Oct  9 20:24:24 2024 - GET - key: b, result: success
Wed Oct  9 20:24:24 2024 - SET - key: c, result: timeout
Wed Oct  9 20:24:24 2024 - SET - key: c, result: timeout
Wed Oct  9 20:24:24 2024 - GET - key: e, result: success
Wed Oct  9 20:24:24 2024 - SET - key: a, result: timeout
Wed Oct  9 20:24:24 2024 - GET - key: e, result: success
Wed Oct  9 20:24:24 2024 - GET - key: b, result: success
Wed Oct  9 20:24:24 2024 - GET - key: c, result: success
Wed Oct  9 20:24:24 2024 - GET - key: a, result: success
Wed Oct  9 20:24:24 2024 - GET - key: b, result: success
Wed Oct  9 20:24:24 2024 - SET - key: e, result: timeout
Wed Oct  9 20:24:24 2024 - SET - key: e, result: timeout
Wed Oct  9 20:24:24 2024 - GET - key: e, result: success
Wed Oct  9 20:24:24 2024 - GET - key: a, result: success
Wed Oct  9 20:24:24 2024 - SET - key: d, result: timeout
Wed Oct  9 20:24:24 2024 - SET - key: c, result: timeout
Wed Oct  9 20:24:24 2024 - GET - key: b, result: success
Wed Oct  9 20:24:24 2024 - GET - key: a, result: success
Wed Oct  9 20:24:24 2024 - GET - key: e, result: success
Wed Oct  9 20:24:24 2024 - GET - key: e, result: success
Wed Oct  9 20:24:24 2024 - GET - key: b, result: success
Wed Oct  9 20:24:24 2024 - SET - key: e, result: timeout
Wed Oct  9 20:24:24 2024 - GET - key: e, result: success
Wed Oct  9 20:24:24 2024 - SET - key: a, result: timeout
Wed Oct  9 20:24:24 2024 - SET - key: d, result: timeout
Wed Oct  9 20:24:24 2024 - GET - key: e, result: success
Wed Oct  9 20:24:24 2024 - SET - key: b, result: timeout
Wed Oct  9 20:24:24 2024 - GET - key: a, result: success
Wed Oct  9 20:24:24 2024 - GET - key: a, result: success
Wed Oct  9 20:24:24 2024 - SET - key: a, result: timeout
Wed Oct  9 20:24:24 2024 - GET - key: c, result: success
Wed Oct  9 20:24:24 2024 - SET - key: c, result: timeout
Wed Oct  9 20:24:24 2024 - SET - key: b, result: timeout
Wed Oct  9 20:24:24 2024 - GET - key: a, result: success
Wed Oct  9 20:24:24 2024 - GET - key: e, result: success
Wed Oct  9 20:24:24 2024 - GET - key: b, result: success
Wed Oct  9 20:24:24 2024 - SET - key: c, result: timeout
Wed Oct  9 20:24:24 2024 - GET - key: b, result: success
Wed Oct  9 20:24:24 2024 - GET - key: d, result: success
Wed Oct  9 20:24:24 2024 - GET - key: c, result: success
Wed Oct  9 20:24:24 2024 - GET - key: e, result: success
Wed Oct  9 20:24:24 2024 - GET - key: e, result: success
Wed Oct  9 20:24:24 2024 - SET - key: c, result: timeout
Wed Oct  9 20:24:24 2024 - GET - key: a, result: success
Wed Oct  9 20:24:24 2024 - GET - key: c, result: success
Wed Oct  9 20:24:24 2024 - GET - key: c, result: success
Wed Oct  9 20:24:24 2024 - GET - key: e, result: success
Wed Oct  9 20:24:24 2024 - SET - key: e, result: timeout
Wed Oct  9 20:24:24 2024 - GET - key: e, result: success
Wed Oct  9 20:24:24 2024 - SET - key: e, result: timeout
Wed Oct  9 20:24:24 2024 - GET - key: c, result: success
Wed Oct  9 20:24:24 2024 - SET - key: e, result: timeout
Wed Oct  9 20:28:34 2024 - SET - key: d, result: timeout
Wed Oct  9 20:28:34 2024 - GET - key: e, result: not found
Wed Oct  9 20:28:34 2024 - GET - key: a, result: not found
Wed Oct  9 20:28:34 2024 - GET - key: b, result: not found
Wed Oct  9 20:28:34 2024 - SET - key: d, result: timeout
Wed Oct  9 20:28:34 2024 - GET - key: e, result: not found
Wed Oct  9 20:28:34 2024 - GET - key: e, result: not found
Wed Oct  9 20:28:34 2024 - GET - key: b, result: not found
Wed Oct  9 20:28:34 2024 - GET - key: a, result: not found
Wed Oct  9 20:28:34 2024 - GET - key: d, result: success
Wed Oct  9 20:28:34 2024 - GET - key: e, result: not found
Wed Oct  9 20:28:34 2024 - GET - key: d, result: success
Wed Oct  9 20:28:34 2024 - GET - key: e, result: not found
Wed Oct  9 20:28:34 2024 - GET - key: c, result: not found
Wed Oct  9 20:28:34 2024 - GET - key: a, result: not found
Wed Oct  9 20:28:34 2024 - GET - key: d, result: success
Wed Oct  9 20:28:34 2024 - GET - key: a, result: not found
Wed Oct  9 20:28:34 2024 - SET - key: a, result: timeout
Wed Oct  9 20:28:34 2024 - GET - key: e, result: not found
Wed Oct  9 20:28:34 2024 - SET - key: d, result: timeout
Wed Oct  9 20:28:34 2024 - SET - key: d, result: timeout
Wed Oct  9 20:28:34 2024 - GET - key: b, result: not found
Wed Oct  9 20:28:34 2024 - GET - key: e, result: not found
Wed Oct  9 20:28:34 2024 - SET - key: d, result: timeout
Wed Oct  9 20:28:34 2024 - GET - key: e, result: not found
Wed Oct  9 20:28:34 2024 - SET - key: e, result: timeout
Wed Oct  9 20:28:34 2024 - GET - key: e, result: success
Wed Oct  9 20:28:34 2024 - GET - key: b, result: not found
Wed Oct  9 20:28:34 2024 - GET - key: c, result: not found
Wed Oct  9 20:28:34 2024 - GET - key: d, result: success
Wed Oct  9 20:28:34 2024 - SET - key: b, result: timeout
Wed Oct  9 20:28:34 2024 - GET - key: b, result: success
Wed Oct  9 20:28:34 2024 - GET - key: e, result: success
Wed Oct  9 20:28:34 2024 - GET - key: b, result: success
Wed Oct  9 20:28:34 2024 - SET - key: e, result: timeout
Wed Oct  9 20:28:34 2024 - GET - key: d, result: success
Wed Oct  9 20:28:34 2024 - SET - key: c, result: timeout
Wed Oct  9 20:28:34 2024 - SET - key: b, result: timeout
Wed Oct  9 20:28:34 2024 - SET - key: a, result: timeout
Wed Oct  9 20:28:34 2024 - SET - key: c, result: timeout
Wed Oct  9 20:28:34 2024 - GET - key: d, result: success
Wed Oct  9 20:28:34 2024 - GET - key: c, result: success
Wed Oct  9 20:28:34 2024 - SET - key: a, result: timeout
Wed Oct  9 20:28:34 2024 - SET - key: c, result: timeout
Wed Oct  9 20:28:34 2024 - SET - key: e, result: timeout
Wed Oct  9 20:28:34 2024 - GET - key: a, result: success
Wed Oct  9 20:28:34 2024 - GET - key: a, result: success
Wed Oct  9 20:28:34 2024 - GET - key: a, result: success
Wed Oct  9 20:28:34 2024 - SET - key: a, result: timeout
Wed Oct  9 20:28:34 2024 - GET - key: d, result: success
Wed Oct  9 20:28:34 2024 - GET - key: b, result: success
Wed Oct  9 20:28:34 2024 - GET - key: d, result: success
Wed Oct  9 20:28:34 2024 - SET - key: e, result: timeout
Wed Oct  9 20:28:34 2024 - GET - key: d, result: success
Wed Oct  9 20:28:34 2024 - GET - key: c, result: success
Wed Oct  9 20:28:34 2024 - GET - key: d, result: success
Wed Oct  9 20:28:34 2024 - SET - key: b, result: timeout
Wed Oct  9 20:28:34 2024 - GET - key: b, result: success
Wed Oct  9 20:28:34 2024 - SET - key: b, result: timeout
Wed Oct  9 20:28:34 2024 - GET - key: b, result: success
Wed Oct  9 20:28:34 2024 - SET - key: a, result: timeout
Wed Oct  9 20:28:34 2024 - GET - key: b, result: success
Wed Oct  9 20:28:34 2024 - GET - key: c, result: success
Wed Oct  9 20:28:34 2024 - GET - key: a, result: success
Wed Oct  9 20:28:34 2024 - GET - key: e, result: success
Wed Oct  9 20:28:34 2024 - GET - key: d, result: success
Wed Oct  9 20:28:34 2024 - GET - key: b, result: success
Wed Oct  9 20:28:34 2024 - GET - key: a, result: success
Wed Oct  9 20:28:34 2024 - GET - key: c, result: success
Wed Oct  9 20:28:34 2024 - GET - key: b, result: success
Wed Oct  9 20:28:34 2024 - SET - key: a, result: timeout
Wed Oct  9 20:28:34 2024 - GET - key: a, result: success
Wed Oct  9 20:28:34 2024 - GET - key: b, result: success
Wed Oct  9 20:28:34 2024 - GET - key: c, result: success
Wed Oct  9 20:28:34 2024 - SET - key: c, result: timeout
Wed Oct  9 20:28:34 2024 - GET - key: e, result: success
Wed Oct  9 20:28:34 2024 - SET - key: a, result: timeout
Wed Oct  9 20:28:34 2024 - SET - key: e, result: timeout
Wed Oct  9 20:28:34 2024 - GET - key: e, result: success
Wed Oct  9 20:28:34 2024 - GET - key: d, result: success
Wed Oct  9 20:28:34 2024 - GET - key: c, result: success
Wed Oct  9 20:28:34 2024 - SET - key: b, result: timeout
Wed Oct  9 20:28:34 2024 - SET - key: d, result: timeout
Wed Oct  9 20:28:34 2024 - GET - key: c, result: success
Wed Oct  9 20:28:34 2024 - SET - key: d, result: timeout
Wed Oct  9 20:28:34 2024 - SET - key: a, result: timeout
Wed Oct  9 20:28:34 2024 - SET - key: b, result: timeout
Wed Oct  9 20:28:34 2024 - GET - key: a, result: success
Wed Oct  9 20:28:34 2024 - GET - key: a, result: success
Wed Oct  9 20:28:34 2024 - GET - key: b, result: success
Wed Oct  9 20:28:34 2024 - SET - key: d, result: timeout
Wed Oct  9 20:28:34 2024 - GET - key: d, result: success
Wed Oct  9 20:28:34 2024 - GET - key: a, result: success
Wed Oct  9 20:28:34 2024 - SET - key: b, result: timeout
Wed Oct  9 20:28:34 2024 - GET - key: a, result: success
Wed Oct  9 20:28:34 2024 - SET - key: e, result: timeout
Wed Oct  9 20:28:34 2024 - SET - key: b, result: timeout
Wed Oct  9 20:28:34 2024 - SET - key: b, result: timeout
Wed Oct  9 20:28:34 2024 - SET - key: b, result: timeout
Wed Oct  9 20:28:34 2024 - GET - key: b, result: success
Wed Oct  9 20:28:34 2024 - SET - key: e, result: timeout
Wed Oct  9 20:28:34 2024 - GET - key: e, result: success
Wed Oct  9 20:28:34 2024 - SET - key: e, result: timeout
Wed Oct  9 20:28:34 2024 - SET - key: a, result: timeout
Wed Oct  9 20:28:34 2024 - SET - key: a, result: timeout
Wed Oct  9 20:28:34 2024 - SET - key: d, result: timeout
Wed Oct  9 20:28:34 2024 - GET - key: c, result: success
Wed Oct  9 20:28:34 2024 - GET - key: b, result: success
Wed Oct  9 20:28:34 2024 - GET - key: e, result: success
Wed Oct  9 20:28:34 2024 - GET - key: e, result: success
Wed Oct  9 20:28:34 2024 - SET - key: e, result: timeout
Wed Oct  9 20:28:34 2024 - GET - key: d, result: success
Wed Oct  9 20:28:34 2024 - GET - key: e, result: success
Wed Oct  9 20:28:34 2024 - GET - key: a, result: success
Wed Oct  9 20:28:34 2024 - GET - key: b, result: success
Wed Oct  9 20:28:34 2024 - GET - key: e, result: success
Wed Oct  9 20:28:34 2024 - SET - key: c, result: timeout
Wed Oct  9 20:28:34 2024 - GET - key: d, result: success
Wed Oct  9 20:28:34 2024 - GET - key: a, result: success
Wed Oct  9 20:28:34 2024 - GET - key: e, result: success
Wed Oct  9 20:28:34 2024 - SET - key: c, result: timeout
Wed Oct  9 20:28:34 2024 - SET - key: c, result: timeout
Wed Oct  9 20:28:34 2024 - GET - key: a, result: success
Wed Oct  9 20:28:34 2024 - SET - key: c, result: timeout
Wed Oct  9 20:28:34 2024 - SET - key: a, result: timeout
Wed Oct  9 20:28:34 2024 - GET - key: e, result: success
Wed Oct  9 20:28:34 2024 - GET - key: b, result: success
Wed Oct  9 20:28:34 2024 - GET - key: d, result: success
Wed Oct  9 20:28:34 2024 - GET - key: a, result: success
Wed Oct  9 20:28:34 2024 - GET - key: e, result: success
Wed Oct  9 20:28:34 2024 - GET - key: b, result: success
Wed Oct  9 20:28:34 2024 - GET - key: b, result: success
Wed Oct  9 20:28:34 2024 - GET - key: a, result: success
Wed Oct  9 20:28:34 2024 - GET - key: b, result: success
Wed Oct  9 20:28:34 2024 - SET - key: c, result: timeout
Wed Oct  9 20:28:34 2024 - GET - key: e, result: success
Wed Oct  9 20:28:34 2024 - GET - key: d, result: success
Wed Oct  9 20:28:34 2024 - GET - key: c, result: success
Wed Oct  9 20:28:34 2024 - GET - key: a, result: success
Wed Oct  9 20:28:34 2024 - GET - key: d, result: success
Wed Oct  9 20:28:34 2024 - GET - key: c, result: success
Wed Oct  9 20:28:34 2024 - GET - key: b, result: success
Wed Oct  9 20:28:34 2024 - GET - key: c, result: success
Wed Oct  9 20:28:34 2024 - GET - key: b, result: success
Wed Oct  9 20:28:34 2024 - SET - key: d, result: timeout
Wed Oct  9 20:28:34 2024 - GET - key: e, result: success
Wed Oct  9 20:28:34 2024 - SET - key: d, result: timeout
Wed Oct  9 20:28:34 2024 - GET - key: d, result: success
Wed Oct  9 20:28:34 2024 - SET - key: a, result: timeout
Wed Oct  9 20:28:34 2024 - GET - key: a, result: success
Wed Oct  9 20:28:34 2024 - SET - key: b, result: timeout
Wed Oct  9 20:28:34 2024 - GET - key: c, result: success
Wed Oct  9 20:28:34 2024 - GET - key: e, result: success
Wed Oct  9 20:28:34 2024 - GET - key: e, result: success
Wed Oct  9 20:28:34 2024 - GET - key: c, result: success
Wed Oct  9 20:28:34 2024 - GET - key: a, result: success
Wed Oct  9 20:28:34 2024 - GET - key: d, result: success
Wed Oct  9 20:28:34 2024 - GET - key: d, result: success
Wed Oct  9 20:28:34 2024 - SET - key: a, result: timeout
Wed Oct  9 20:28:34 2024 - GET - key: c, result: success
Wed Oct  9 20:28:34 2024 - SET - key: d, result: timeout
Wed Oct  9 20:28:34 2024 - GET - key: e, result: success
Wed Oct  9 20:28:34 2024 - GET - key: d, result: success
Wed Oct  9 20:28:34 2024 - GET - key: e, result: success
Wed Oct  9 20:28:34 2024 - SET - key: e, result: timeout
Wed Oct  9 20:28:34 2024 - SET - key: d, result: timeout
Wed Oct  9 20:28:34 2024 - SET - key: b, result: timeout
Wed Oct  9 20:28:34 2024 - SET - key: d, result: timeout
Wed Oct  9 20:28:34 2024 - SET - key: d, result: timeout
Wed Oct  9 20:28:34 2024 - GET - key: e, result: success
Wed Oct  9 20:28:34 2024 - SET - key: d, result: timeout
Wed Oct  9 20:28:34 2024 - GET - key: a, result: success
Wed Oct  9 20:28:34 2024 - GET - key: b, result: success
Wed Oct  9 20:28:34 2024 - SET - key: e, result: timeout
Wed Oct  9 20:28:34 2024 - SET - key: b, result: timeout
Wed Oct  9 20:28:34 2024 - GET - key: a, result: success
Wed Oct  9 20:28:34 2024 - GET - key: b, result: success
Wed Oct  9 20:28:34 2024 - SET - key: e, result: timeout
Wed Oct  9 20:28:34 2024 - SET - key: d, result: timeout
Wed Oct  9 20:28:34 2024 - GET - key: c, result: success
Wed Oct  9 20:28:34 2024 - GET - key: e, result: success
Wed Oct  9 20:28:34 2024 - SET - key: b, result: timeout
Wed Oct  9 20:28:34 2024 - SET - key: d, result: timeout
Wed Oct  9 20:28:34 2024 - SET - key: a, result: timeout
Wed Oct  9 20:28:34 2024 - GET - key: d, result: success
Wed Oct  9 20:28:34 2024 - SET - key: a, result: timeout
Wed Oct  9 20:28:34 2024 - SET - key: a, result: timeout
Wed Oct  9 20:28:34 2024 - GET - key: b, result: success
Wed Oct  9 20:28:34 2024 - SET - key: a, result: timeout
Wed Oct  9 20:28:34 2024 - GET - key: d, result: success
Wed Oct  9 20:28:34 2024 - SET - key: d, result: timeout
Wed Oct  9 20:28:34 2024 - GET - key: c, result: success
Wed Oct  9 20:28:34 2024 - SET - key: d, result: timeout
Wed Oct  9 20:28:34 2024 - GET - key: d, result: success
Wed Oct  9 20:28:34 2024 - GET - key: a, result: success
Wed Oct  9 20:28:34 2024 - GET - key: e, result: success
Wed Oct  9 20:28:34 2024 - GET - key: a, result: success
Wed Oct  9 20:28:34 2024 - GET - key: b, result: success
Wed Oct  9 20:28:34 2024 - GET - key: d, result: success
Wed Oct  9 20:28:34 2024 - SET - key: c, result: timeout
Wed Oct  9 20:28:34 2024 - SET - key: d, result: timeout
Wed Oct  9 20:28:34 2024 - GET - key: c, result: success
Wed Oct  9 20:28:34 2024 - GET - key: b, result: success
Wed Oct  9 20:28:34 2024 - SET - key: c, result: timeout
Wed Oct  9 20:28:34 2024 - GET - key: d, result: success
Wed Oct  9 20:28:34 2024 - SET - key: b, result: timeout
Wed Oct  9 20:28:34 2024 - GET - key: a, result: success
Wed Oct  9 20:28:34 2024 - SET - key: b, result: timeout
Wed Oct  9 20:28:34 2024 - GET - key: d, result: success
Wed Oct  9 20:28:34 2024 - GET - key: c, result: success
Wed Oct  9 20:28:34 2024 - GET - key: e, result: success
Wed Oct  9 20:28:34 2024 - GET - key: d, result: success
Wed Oct  9 20:28:34 2024 - GET - key: d, result: success
Wed Oct  9 20:28:34 2024 - GET - key: e, result: success
Wed Oct  9 20:28:34 2024 - GET - key: e, result: success
Wed Oct  9 20:28:34 2024 - GET - key: e, result: success
Wed Oct  9 20:28:34 2024 - GET - key: a, result: success
Wed Oct  9 20:28:34 2024 - SET - key: e, result: timeout
Wed Oct  9 20:28:34 2024 - GET - key: d, result: success
Wed Oct  9 20:28:34 2024 - GET - key: c, result: success
Wed Oct  9 20:28:34 2024 - SET - key: a, result: timeout
Wed Oct  9 20:28:34 2024 - GET - key: a, result: success
Wed Oct  9 20:28:34 2024 - GET - key: d, result: success
Wed Oct  9 20:28:34 2024 - SET - key: d, result: timeout
Wed Oct  9 20:28:34 2024 - GET - key: c, result: success
Wed Oct  9 20:28:34 2024 - GET - key: b, result: success
Wed Oct  9 20:28:34 2024 - SET - key: c, result: timeout
Wed Oct  9 20:28:34 2024 - GET - key: a, result: success
Wed Oct  9 20:28:34 2024 - GET - key: a, result: success
Wed Oct  9 20:28:34 2024 - GET - key: c, result: success
Wed Oct  9 20:28:34 2024 - SET - key: a, result: timeout
Wed Oct  9 20:28:34 2024 - SET - key: d, result: timeout
Wed Oct  9 20:28:34 2024 - GET - key: a, result: success
Wed Oct  9 20:28:34 2024 - GET - key: e, result: success
Wed Oct  9 20:28:34 2024 - GET - key: d, result: success
Wed Oct  9 20:28:34 2024 - SET - key: c, result: timeout
Wed Oct  9 20:28:34 2024 - SET - key: d, result: timeout
Wed Oct  9 20:28:34 2024 - GET - key: b, result: success
Wed Oct  9 20:28:34 2024 - GET - key: a, result: success
Wed Oct  9 20:28:34 2024 - SET - key: a, result: timeout
Wed Oct  9 20:28:34 2024 - GET - key: a, result: success
Wed Oct  9 20:28:34 2024 - GET - key: d, result: success
Wed Oct  9 20:28:34 2024 - GET - key: a, result: success
Wed Oct  9 20:28:34 2024 - GET - key: d, result: success
Wed Oct  9 20:28:34 2024 - GET - key: a, result: success
Wed Oct  9 20:28:34 2024 - GET - key: d, result: success
Wed Oct  9 20:28:34 2024 - GET - key: a, result: success
Wed Oct  9 20:28:34 2024 - GET - key: e, result: success
Wed Oct  9 20:28:34 2024 - SET - key: c, result: timeout
Wed Oct  9 20:28:34 2024 - SET - key: a, result: timeout
Wed Oct  9 20:28:34 2024 - GET - key: c, result: success
Wed Oct  9 20:28:34 2024 - GET - key: e, result: success
Wed Oct  9 20:28:34 2024 - GET - key: d, result: success
Wed Oct  9 20:28:34 2024 - GET - key: b, result: success
Wed Oct  9 20:28:34 2024 - GET - key: d, result: success
Wed Oct  9 20:28:34 2024 - GET - key: b, result: success
Wed Oct  9 20:28:34 2024 - SET - key: e, result: timeout
Wed Oct  9 20:28:34 2024 - GET - key: a, result: success
Wed Oct  9 20:28:34 2024 - SET - key: e, result: timeout
Wed Oct  9 20:28:34 2024 - GET - key: e, result: success
Wed Oct  9 20:28:34 2024 - GET - key: a, result: success
Wed Oct  9 20:28:34 2024 - GET - key: e, result: success
Wed Oct  9 20:28:34 2024 - GET - key: d, result: success
Wed Oct  9 20:28:34 2024 - GET - key: c, result: success
Wed Oct  9 20:28:34 2024 - GET - key: a, result: success
Wed Oct  9 20:28:34 2024 - GET - key: e, result: success
Wed Oct  9 20:28:34 2024 - GET - key: c, result: success
Wed Oct  9 20:28:34 2024 - SET - key: e, result: timeout
Wed Oct  9 20:28:34 2024 - GET - key: b, result: success
Wed Oct  9 20:28:34 2024 - SET - key: b, result: timeout
Wed Oct  9 20:28:34 2024 - SET - key: c, result: timeout
Wed Oct  9 20:28:34 2024 - GET - key: e, result: success
Wed Oct  9 20:28:34 2024 - GET - key: a, result: success
Wed Oct  9 20:28:34 2024 - SET - key: e, result: timeout
Wed Oct  9 20:28:34 2024 - GET - key: d, result: success
Wed Oct  9 20:28:34 2024 - GET - key: c, result: success
Wed Oct  9 20:28:34 2024 - GET - key: b, result: success
Wed Oct  9 20:28:34 2024 - SET - key: b, result: timeout
Wed Oct  9 20:28:34 2024 - SET - key: a, result: timeout
Wed Oct  9 20:28:34 2024 - SET - key: c, result: timeout
Wed Oct  9 20:28:34 2024 - SET - key: c, result: timeout
Wed Oct  9 20:28:34 2024 - SET - key: b, result: timeout
Wed Oct  9 20:28:34 2024 - GET - key: a, result: success
Wed Oct  9 20:28:34 2024 - GET - key: d, result: success
Wed Oct  9 20:28:34 2024 - SET - key: e, result: timeout
Wed Oct  9 20:28:34 2024 - SET - key: a, result: timeout
Wed Oct  9 20:28:34 2024 - GET - key: e, result: success
Wed Oct  9 20:28:34 2024 - GET - key: d, result: success
Wed Oct  9 20:28:34 2024 - SET - key: c, result: timeout
Wed Oct  9 20:28:34 2024 - GET - key: c, result: success
Wed Oct  9 20:28:34 2024 - SET - key: e, result: timeout
Wed Oct  9 20:28:34 2024 - GET - key: d, result: success
Wed Oct  9 20:28:34 2024 - GET - key: a, result: success
Wed Oct  9 20:28:34 2024 - GET - key: d, result: success
Wed Oct  9 20:28:34 2024 - SET - key: c, result: timeout
Wed Oct  9 20:28:34 2024 - GET - key: e, result: success
Wed Oct  9 20:28:34 2024 - SET - key: d, result: timeout
Wed Oct  9 20:28:34 2024 - SET - key: c, result: timeout
Wed Oct  9 20:28:34 2024 - GET - key: d, result: success
Wed Oct  9 20:28:34 2024 - SET - key: e, result: timeout
Wed Oct  9 20:29:53 2024 - SET - key: c, result: timeout
Wed Oct  9 20:29:53 2024 - GET - key: b, result: not found
Wed Oct  9 20:29:53 2024 - GET - key: b, result: not found
Wed Oct  9 20:29:53 2024 - GET - key: c, result: success
Wed Oct  9 20:29:53 2024 - DELETE - key: d, result: success
Wed Oct  9 20:29:53 2024 - GET - key: c, result: success
Wed Oct  9 20:29:53 2024 - GET - key: b, result: not found
Wed Oct  9 20:29:53 2024 - DELETE - key: e, result: success
Wed Oct  9 20:29:53 2024 - GET - key: e, result: not found
Wed Oct  9 20:29:53 2024 - SET - key: a, result: timeout
Wed Oct  9 20:29:53 2024 - SET - key: e, result: timeout
Wed Oct  9 20:29:53 2024 - DELETE - key: a, result: success
Wed Oct  9 20:29:53 2024 - SET - key: d, result: timeout
Wed Oct  9 20:29:53 2024 - DELETE - key: b, result: success
Wed Oct  9 20:29:53 2024 - SET - key: a, result: timeout
Wed Oct  9 20:29:53 2024 - GET - key: d, result: success
Wed Oct  9 20:29:53 2024 - SET - key: e, result: timeout
Wed Oct  9 20:29:53 2024 - DELETE - key: b, result: success
Wed Oct  9 20:29:53 2024 - SET - key: e, result: timeout
Wed Oct  9 20:29:53 2024 - GET - key: c, result: success
Wed Oct  9 20:29:53 2024 - DELETE - key: b, result: success
Wed Oct  9 20:29:53 2024 - GET - key: c, result: success
Wed Oct  9 20:29:53 2024 - GET - key: b, result: not found
Wed Oct  9 20:29:53 2024 - SET - key: c, result: timeout
Wed Oct  9 20:29:53 2024 - SET - key: a, result: timeout
Wed Oct  9 20:29:53 2024 - SET - key: d, result: timeout
Wed Oct  9 20:29:53 2024 - SET - key: c, result: timeout
Wed Oct  9 20:29:53 2024 - SET - key: a, result: timeout
Wed Oct  9 20:29:53 2024 - DELETE - key: e, result: success
Wed Oct  9 20:29:53 2024 - DELETE - key: d, result: success
Wed Oct  9 20:29:53 2024 - DELETE - key: e, result: success
Wed Oct  9 20:29:53 2024 - GET - key: a, result: success
Wed Oct  9 20:29:53 2024 - DELETE - key: a, result: success
Wed Oct  9 20:29:53 2024 - DELETE - key: c, result: success
Wed Oct  9 20:29:53 2024 - GET - key: c, result: not found
Wed Oct  9 20:29:53 2024 - DELETE - key: b, result: success
Wed Oct  9 20:29:53 2024 - DELETE - key: a, result: success
Wed Oct  9 20:29:53 2024 - DELETE - key: e, result: success
Wed Oct  9 20:29:53 2024 - GET - key: d, result: not found
Wed Oct  9 20:29:53 2024 - GET - key: a, result: not found
Wed Oct  9 20:29:53 2024 - GET - key: c, result: not found
Wed Oct  9 20:29:53 2024 - GET - key: c, result: not found
Wed Oct  9 20:29:53 2024 - DELETE - key: e, result: success
Wed Oct  9 20:29:53 2024 - SET - key: c, result: timeout
Wed Oct  9 20:29:53 2024 - SET - key: b, result: timeout
Wed Oct  9 20:29:53 2024 - DELETE - key: e, result: success
Wed Oct  9 20:29:53 2024 - GET - key: d, result: not found
Wed Oct  9 20:29:53 2024 - DELETE - key: b, result: success
Wed Oct  9 20:29:53 2024 - GET - key: c, result: not found
Wed Oct  9 20:29:53 2024 - DELETE - key: c, result: success
Wed Oct  9 20:29:53 2024 - DELETE - key: a, result: success
Wed Oct  9 20:29:53 2024 - DELETE - key: e, result: success
Wed Oct  9 20:29:53 2024 - GET - key: d, result: not found
Wed Oct  9 20:29:53 2024 - GET - key: e, result: not found
Wed Oct  9 20:29:53 2024 - DELETE - key: b, result: success
Wed Oct  9 20:29:53 2024 - GET - key: b, result: not found
Wed Oct  9 20:29:53 2024 - GET - key: c, result: not found
Wed Oct  9 20:29:53 2024 - SET - key: c, result: timeout
Wed Oct  9 20:29:53 2024 - DELETE - key: e, result: success
Wed Oct  9 20:29:53 2024 - GET - key: b, result: not found
Wed Oct  9 20:29:53 2024 - DELETE - key: c, result: success
Wed Oct  9 20:29:53 2024 - GET - key: b, result: not found
Wed Oct  9 20:29:53 2024 - GET - key: b, result: not found
Wed Oct  9 20:29:53 2024 - SET - key: c, result: timeout
Wed Oct  9 20:29:53 2024 - GET - key: b, result: not found
Wed Oct  9 20:29:53 2024 - SET - key: c, result: timeout
Wed Oct  9 20:29:53 2024 - SET - key: e, result: timeout
Wed Oct  9 20:29:53 2024 - DELETE - key: a, result: success
Wed Oct  9 20:29:53 2024 - SET - key: a, result: timeout
Wed Oct  9 20:29:53 2024 - GET - key: d, result: not found
Wed Oct  9 20:29:53 2024 - GET - key: e, result: success
Wed Oct  9 20:29:53 2024 - GET - key: d, result: not found
Wed Oct  9 20:29:53 2024 - SET - key: b, result: timeout
Wed Oct  9 20:29:53 2024 - SET - key: d, result: timeout
Wed Oct  9 20:29:53 2024 - DELETE - key: b, result: success
Wed Oct  9 20:29:53 2024 - DELETE - key: d, result: success
Wed Oct  9 20:29:53 2024 - DELETE - key: e, result: success
Wed Oct  9 20:29:53 2024 - DELETE - key: d, result: success
Wed Oct  9 20:29:53 2024 - SET - key: d, result: timeout
Wed Oct  9 20:29:53 2024 - DELETE - key: d, result: success
Wed Oct  9 20:29:53 2024 - GET - key: a, result: success
Wed Oct  9 20:29:53 2024 - DELETE - key: c, result: success
Wed Oct  9 20:29:53 2024 - GET - key: e, result: not found
Wed Oct  9 20:29:53 2024 - GET - key: b, result: not found
Wed Oct  9 20:29:53 2024 - SET - key: c, result: timeout
Wed Oct  9 20:29:53 2024 - DELETE - key: b, result: success
Wed Oct  9 20:29:53 2024 - GET - key: c, result: success
Wed Oct  9 20:29:53 2024 - SET - key: d, result: timeout
Wed Oct  9 20:29:53 2024 - SET - key: d, result: timeout
Wed Oct  9 20:29:53 2024 - DELETE - key: d, result: success
Wed Oct  9 20:29:53 2024 - GET - key: d, result: not found
Wed Oct  9 20:29:53 2024 - GET - key: c, result: success
Wed Oct  9 20:29:53 2024 - SET - key: e, result: timeout
Wed Oct  9 20:29:53 2024 - SET - key: d, result: timeout
Wed Oct  9 20:29:53 2024 - SET - key: d, result: timeout
Wed Oct  9 20:29:53 2024 - SET - key: e, result: timeout
Wed Oct  9 20:29:53 2024 - SET - key: b, result: timeout
Wed Oct  9 20:29:53 2024 - SET - key: c, result: timeout
Wed Oct  9 20:29:53 2024 - GET - key: e, result: success
Wed Oct  9 20:29:53 2024 - SET - key: c, result: timeout
Wed Oct  9 20:29:53 2024 - DELETE - key: e, result: success
Wed Oct  9 20:29:53 2024 - DELETE - key: b, result: success
Wed Oct  9 20:29:53 2024 - GET - key: c, result: success
Wed Oct  9 20:29:53 2024 - GET - key: d, result: success
Wed Oct  9 20:29:53 2024 - DELETE - key: d, result: success
Wed Oct  9 20:29:53 2024 - GET - key: e, result: not found
Wed Oct  9 20:29:53 2024 - DELETE - key: c, result: success
Wed Oct  9 20:29:53 2024 - SET - key: a, result: timeout
Wed Oct  9 20:29:53 2024 - SET - key: d, result: timeout
Wed Oct  9 20:29:53 2024 - DELETE - key: e, result: success
Wed Oct  9 20:29:53 2024 - SET - key: a, result: timeout
Wed Oct  9 20:29:53 2024 - DELETE - key: d, result: success
Wed Oct  9 20:29:53 2024 - GET - key: a, result: success
Wed Oct  9 20:29:53 2024 - SET - key: d, result: timeout
Wed Oct  9 20:29:53 2024 - DELETE - key: a, result: success
Wed Oct  9 20:29:53 2024 - GET - key: c, result: not found
Wed Oct  9 20:29:53 2024 - GET - key: b, result: not found
Wed Oct  9 20:29:53 2024 - GET - key: a, result: not found
Wed Oct  9 20:29:53 2024 - DELETE - key: a, result: success
Wed Oct  9 20:29:53 2024 - SET - key: b, result: timeout
Wed Oct  9 20:29:53 2024 - GET - key: c, result: not found
Wed Oct  9 20:29:53 2024 - GET - key: c, result: not found
Wed Oct  9 20:29:53 2024 - GET - key: e, result: not found
Wed Oct  9 20:29:53 2024 - SET - key: e, result: timeout
Wed Oct  9 20:29:53 2024 - DELETE - key: c, result: success
Wed Oct  9 20:29:53 2024 - DELETE - key: e, result: success
Wed Oct  9 20:29:53 2024 - DELETE - key: b, result: success
Wed Oct  9 20:29:53 2024 - DELETE - key: c, result: success
Wed Oct  9 20:29:53 2024 - GET - key: a, result: not found
Wed Oct  9 20:29:53 2024 - SET - key: a, result: timeout
Wed Oct  9 20:29:53 2024 - DELETE - key: b, result: success
Wed Oct  9 20:29:53 2024 - DELETE - key: a, result: success
Wed Oct  9 20:29:53 2024 - DELETE - key: e, result: success
Wed Oct  9 20:29:53 2024 - DELETE - key: e, result: success
Wed Oct  9 20:29:53 2024 - SET - key: e, result: timeout
Wed Oct  9 20:29:53 2024 - DELETE - key: e, result: success
Wed Oct  9 20:29:53 2024 - SET - key: c, result: timeout
Wed Oct  9 20:29:53 2024 - SET - key: d, result: timeout
Wed Oct  9 20:29:53 2024 - SET - key: e, result: timeout
Wed Oct  9 20:29:53 2024 - SET - key: b, result: timeout
Wed Oct  9 20:29:53 2024 - SET - key: e, result: timeout
Wed Oct  9 20:29:53 2024 - SET - key: c, result: timeout
Wed Oct  9 20:29:53 2024 - SET - key: b, result: timeout
Wed Oct  9 20:29:53 2024 - DELETE - key: d, result: success
Wed Oct  9 20:29:53 2024 - GET - key: a, result: not found
Wed Oct  9 20:29:53 2024 - SET - key: d, result: timeout
Wed Oct  9 20:29:53 2024 - DELETE - key: b, result: success
Wed Oct  9 20:29:53 2024 - DELETE - key: a, result: success
Wed Oct  9 20:29:53 2024 - DELETE - key: d, result: success
Wed Oct  9 20:29:53 2024 - DELETE - key: b, result: success
Wed Oct  9 20:29:53 2024 - DELETE - key: d, result: success
Wed Oct  9 20:29:53 2024 - DELETE - key: e, result: success
Wed Oct  9 20:29:53 2024 - DELETE - key: a, result: success
Wed Oct  9 20:29:53 2024 - GET - key: a, result: not found
Wed Oct  9 20:29:53 2024 - DELETE - key: b, result: success
Wed Oct  9 20:29:53 2024 - GET - key: b, result: not found
Wed Oct  9 20:29:53 2024 - SET - key: e, result: timeout
Wed Oct  9 20:29:53 2024 - SET - key: b, result: timeout
Wed Oct  9 20:29:53 2024 - DELETE - key: c, result: success
Wed Oct  9 20:29:53 2024 - DELETE - key: b, result: success
Wed Oct  9 20:29:53 2024 - SET - key: b, result: timeout
Wed Oct  9 20:29:53 2024 - SET - key: b, result: timeout
Wed Oct  9 20:29:53 2024 - GET - key: d, result: not found
Wed Oct  9 20:29:53 2024 - SET - key: c, result: timeout
Wed Oct  9 20:29:53 2024 - GET - key: e, result: success
Wed Oct  9 20:29:53 2024 - DELETE - key: e, result: success
Wed Oct  9 20:29:53 2024 - SET - key: c, result: timeout
Wed Oct  9 20:29:53 2024 - SET - key: d, result: timeout
Wed Oct  9 20:29:53 2024 - GET - key: a, result: not found
Wed Oct  9 20:29:53 2024 - SET - key: a, result: timeout
Wed Oct  9 20:29:53 2024 - GET - key: b, result: success
Wed Oct  9 20:29:53 2024 - DELETE - key: c, result: success
Wed Oct  9 20:29:53 2024 - GET - key: b, result: success
Wed Oct  9 20:29:53 2024 - DELETE - key: e, result: success
Wed Oct  9 20:29:53 2024 - DELETE - key: a, result: success
Wed Oct  9 20:29:53 2024 - DELETE - key: c, result: success
Wed Oct  9 20:29:53 2024 - DELETE - key: c, result: success
Wed Oct  9 20:29:53 2024 - GET - key: d, result: success
Wed Oct  9 20:29:53 2024 - DELETE - key: a, result: success
Wed Oct  9 20:29:53 2024 - SET - key: d, result: timeout
Wed Oct  9 20:29:53 2024 - SET - key: a, result: timeout
Wed Oct  9 20:29:53 2024 - GET - key: c, result: not found
Wed Oct  9 20:29:53 2024 - DELETE - key: c, result: success
Wed Oct  9 20:29:53 2024 - DELETE - key: c, result: success
Wed Oct  9 20:29:53 2024 - GET - key: b, result: success
Wed Oct  9 20:29:53 2024 - GET - key: b, result: success
Wed Oct  9 20:29:53 2024 - GET - key: a, result: success
Wed Oct  9 20:29:53 2024 - DELETE - key: b, result: success
Wed Oct  9 20:29:53 2024 - DELETE - key: e, result: success
Wed Oct  9 20:29:53 2024 - DELETE - key: b, result: success
Wed Oct  9 20:29:53 2024 - DELETE - key: e, result: success
Wed Oct  9 20:29:53 2024 - GET - key: c, result: not found
Wed Oct  9 20:29:53 2024 - DELETE - key: e, result: success
Wed Oct  9 20:29:53 2024 - GET - key: a, result: success
Wed Oct  9 20:29:53 2024 - GET - key: c, result: not found
Wed Oct  9 20:29:53 2024 - DELETE - key: d, result: success
Wed Oct  9 20:29:53 2024 - DELETE - key: b, result: success
Wed Oct  9 20:29:53 2024 - DELETE - key: b, result: success
Wed Oct  9 20:29:53 2024 - DELETE - key: a, result: success
Wed Oct  9 20:29:53 2024 - SET - key: a, result: timeout
Wed Oct  9 20:29:53 2024 - GET - key: e, result: not found
Wed Oct  9 20:29:53 2024 - DELETE - key: c, result: success
Wed Oct  9 20:29:53 2024 - GET - key: e, result: not found
Wed Oct  9 20:29:53 2024 - GET - key: c, result: not found
Wed Oct  9 20:29:53 2024 - SET - key: a, result: timeout
Wed Oct  9 20:29:53 2024 - DELETE - key: c, result: success
Wed Oct  9 20:29:53 2024 - GET - key: a, result: success
Wed Oct  9 20:29:53 2024 - DELETE - key: d, result: success
Wed Oct  9 20:29:53 2024 - SET - key: c, result: timeout
Wed Oct  9 20:29:53 2024 - SET - key: d, result: timeout
Wed Oct  9 20:29:53 2024 - SET - key: c, result: timeout
Wed Oct  9 20:29:53 2024 - SET - key: d, result: timeout
Wed Oct  9 20:29:53 2024 - DELETE - key: b, result: success
Wed Oct  9 20:29:53 2024 - DELETE - key: c, result: success
Wed Oct  9 20:29:53 2024 - GET - key: c, result: success
Wed Oct  9 20:29:53 2024 - SET - key: a, result: timeout
Wed Oct  9 20:29:53 2024 - GET - key: a, result: success
Wed Oct  9 20:29:53 2024 - GET - key: d, result: success
Wed Oct  9 20:29:53 2024 - DELETE - key: a, result: success
Wed Oct  9 20:29:53 2024 - GET - key: e, result: not found
Wed Oct  9 20:29:53 2024 - DELETE - key: e, result: success
Wed Oct  9 20:29:53 2024 - GET - key: b, result: not found
Wed Oct  9 20:29:53 2024 - DELETE - key: b, result: success
Wed Oct  9 20:29:53 2024 - DELETE - key: d, result: success
Wed Oct  9 20:29:53 2024 - GET - key: a, result: not found
Wed Oct  9 20:29:53 2024 - SET - key: a, result: timeout
Wed Oct  9 20:29:53 2024 - SET - key: c, result: timeout
Wed Oct  9 20:29:53 2024 - DELETE - key: e, result: success
Wed Oct  9 20:29:53 2024 - DELETE - key: c, result: success
Wed Oct  9 20:29:53 2024 - SET - key: b, result: timeout
Wed Oct  9 20:29:53 2024 - GET - key: c, result: not found
Wed Oct  9 20:29:53 2024 - GET - key: e, result: not found
Wed Oct  9 20:29:53 2024 - GET - key: a, result: success
Wed Oct  9 20:29:53 2024 - SET - key: d, result: timeout
Wed Oct  9 20:29:53 2024 - SET - key: e, result: timeout
Wed Oct  9 20:29:53 2024 - GET - key: e, result: success
Wed Oct  9 20:29:53 2024 - GET - key: b, result: success
Wed Oct  9 20:29:53 2024 - SET - key: e, result: timeout
Wed Oct  9 20:29:53 2024 - GET - key: c, result: not found
Wed Oct  9 20:29:53 2024 - DELETE - key: e, result: success
Wed Oct  9 20:29:53 2024 - GET - key: c, result: not found
Wed Oct  9 20:29:53 2024 - GET - key: a, result: success
Wed Oct  9 20:29:53 2024 - DELETE - key: c, result: success
Wed Oct  9 20:29:53 2024 - SET - key: a, result: timeout
Wed Oct  9 20:29:53 2024 - GET - key: a, result: success
Wed Oct  9 20:29:53 2024 - SET - key: c, result: timeout
Wed Oct  9 20:29:53 2024 - SET - key: b, result: timeout
Wed Oct  9 20:29:53 2024 - GET - key: d, result: success
Wed Oct  9 20:29:53 2024 - SET - key: e, result: timeout
Wed Oct  9 20:29:53 2024 - GET - key: c, result: success
Wed Oct  9 20:29:53 2024 - GET - key: a, result: success
Wed Oct  9 20:29:53 2024 - GET - key: d, result: success
Wed Oct  9 20:29:53 2024 - SET - key: c, result: timeout
Wed Oct  9 20:29:53 2024 - GET - key: d, result: success
Wed Oct  9 20:29:53 2024 - GET - key: a, result: success
Wed Oct  9 20:29:53 2024 - SET - key: b, result: timeout
Wed Oct  9 20:29:53 2024 - SET - key: a, result: timeout
Wed Oct  9 20:29:53 2024 - GET - key: c, result: success
Wed Oct  9 20:29:53 2024 - DELETE - key: b, result: success
Wed Oct  9 20:29:53 2024 - GET - key: c, result: success
Wed Oct  9 20:29:53 2024 - GET - key: c, result: success
Wed Oct  9 20:29:53 2024 - GET - key: a, result: success
Wed Oct  9 20:29:53 2024 - SET - key: e, result: timeout
Wed Oct  9 20:29:53 2024 - GET - key: e, result: success
Wed Oct  9 20:29:53 2024 - SET - key: c, result: timeout
Wed Oct  9 20:29:53 2024 - SET - key: b, result: timeout
Wed Oct  9 20:29:53 2024 - SET - key: c, result: timeout
Wed Oct  9 20:29:53 2024 - DELETE - key: a, result: success
Wed Oct  9 20:29:53 2024 - SET - key: a, result: timeout
Wed Oct  9 20:29:53 2024 - DELETE - key: e, result: success
Wed Oct  9 20:29:53 2024 - DELETE - key: c, result: success
Wed Oct  9 20:29:53 2024 - DELETE - key: d, result: success
Wed Oct  9 20:29:53 2024 - GET - key: e, result: not found
Wed Oct  9 20:29:53 2024 - DELETE - key: d, result: success
Wed Oct  9 20:29:53 2024 - GET - key: a, result: success
Wed Oct  9 20:29:53 2024 - GET - key: e, result: not found
Wed Oct  9 20:29:53 2024 - DELETE - key: d, result: success
Wed Oct  9 20:29:53 2024 - SET - key: b, result: timeout
Wed Oct  9 20:29:53 2024 - DELETE - key: a, result: success
Wed Oct  9 20:29:53 2024 - DELETE - key: b, result: success
Wed Oct  9 20:29:53 2024 - GET - key: b, result: not found
Wed Oct  9 20:29:53 2024 - SET - key: b, result: timeout
Wed Oct  9 20:29:53 2024 - SET - key: b, result: timeout
Wed Oct  9 20:29:53 2024 - DELETE - key: d, result: success
Wed Oct  9 20:29:53 2024 - SET - key: e, result: timeout
Wed Oct  9 20:29:53 2024 - DELETE - key: c, result: success
Wed Oct  9 20:29:53 2024 - SET - key: a, result: timeout
Wed Oct  9 20:29:53 2024 - GET - key: a, result: success
Wed Oct  9 20:29:53 2024 - GET - key: c, result: not found
Wed Oct  9 20:29:53 2024 - SET - key: d, result: timeout
Wed Oct  9 20:29:53 2024 - SET - key: d, result: timeout
Wed Oct  9 20:29:53 2024 - SET - key: b, result: timeout
Wed Oct  9 20:29:53 2024 - GET - key: a, result: success
Wed Oct  9 20:29:53 2024 - SET - key: b, result: timeout
Wed Oct  9 20:29:53 2024 - SET - key: b, result: timeout
Wed Oct  9 20:29:53 2024 - DELETE - key: d, result: success
Wed Oct  9 20:29:53 2024 - GET - key: d, result: not found
Wed Oct  9 20:29:53 2024 - DELETE - key: c, result: success
Wed Oct  9 20:29:53 2024 - GET - key: c, result: not found
Wed Oct  9 20:29:53 2024 - SET - key: c, result: timeout
